<?xml version="1.0" encoding="UTF-8"?>
<!-- Generated by org.testng.reporters.JUnitReportReporter -->
<testsuite hostname="X7026772" name="Jenkins_new_Java.test_new" tests="1" failures="0" timestamp="19 Dec 2019 04:56:14 GMT" time="6.671" errors="0">
  <testcase name="login1" time="6.671" classname="Jenkins_new_Java.test_new"/>
</testsuite> <!-- Jenkins_new_Java.test_new -->
